\BOOKMARK [1][-]{section.1}{Introducci\363n}{}% 1
\BOOKMARK [1][-]{section.2}{Marco Te\363rico}{}% 2
\BOOKMARK [2][-]{subsection.2.1}{Geometr\355a del Tri\341ngulo Equil\341tero}{section.2}% 3
\BOOKMARK [2][-]{subsection.2.2}{Ecuaciones de los Lados}{section.2}% 4
\BOOKMARK [2][-]{subsection.2.3}{Condici\363n de Interior}{section.2}% 5
\BOOKMARK [1][-]{section.3}{Modelo F\355sico}{}% 6
\BOOKMARK [2][-]{subsection.3.1}{Colisiones El\341sticas}{section.3}% 7
\BOOKMARK [1][-]{section.4}{Implementaci\363n}{}% 8
\BOOKMARK [2][-]{subsection.4.1}{Estructura del Proyecto}{section.4}% 9
\BOOKMARK [2][-]{subsection.4.2}{Algoritmo Num\351rico}{section.4}% 10
\BOOKMARK [1][-]{section.5}{Visualizaci\363n}{}% 11
\BOOKMARK [2][-]{subsection.5.1}{Gr\341ficas Generadas}{section.5}% 12
\BOOKMARK [1][-]{section.6}{Compilaci\363n y Uso}{}% 13
\BOOKMARK [2][-]{subsection.6.1}{Requisitos}{section.6}% 14
\BOOKMARK [2][-]{subsection.6.2}{Ejecuci\363n}{section.6}% 15
\BOOKMARK [2][-]{subsection.6.3}{Ejemplo de Entrada}{section.6}% 16
\BOOKMARK [1][-]{section.7}{An\341lisis F\355sico}{}% 17
\BOOKMARK [2][-]{subsection.7.1}{Propiedades Din\341micas}{section.7}% 18
\BOOKMARK [2][-]{subsection.7.2}{Validaci\363n}{section.7}% 19
\BOOKMARK [1][-]{section.8}{Resultados y Aplicaciones}{}% 20
\BOOKMARK [2][-]{subsection.8.1}{Comportamientos Observados}{section.8}% 21
\BOOKMARK [2][-]{subsection.8.2}{Aplicaciones}{section.8}% 22
\BOOKMARK [1][-]{section.9}{Conclusi\363n}{}% 23
